<?xml version="1.0" encoding="UTF-8"?>
<!-- Generated by org.testng.reporters.JUnitXMLReporter -->
<testsuite ignored="0" hostname="eeacbaabacebb305582530dcafeabaffdedathree-0" failures="0" tests="3" name="Surefire test" time="29.764" errors="0" timestamp="2023-09-29T04:07:11 UTC">
  <testcase classname="runner.Test_dbankApplication" name="verifySignIn" time="5.174"/>
  <testcase classname="runner.Test_dbankApplication" name="verifyDeposit" time="7.945"/>
  <testcase classname="runner.Test_dbankApplication" name="verifyWithdraw" time="7.981"/>
</testsuite> <!-- Surefire test -->
