<?xml version="1.0" encoding="UTF-8"?>
<!-- Generated by org.testng.reporters.JUnitXMLReporter -->
<testsuite ignored="0" hostname="eeacbaabacebb305582530dcafeabaffdedathree-0" failures="0" tests="3" name="Surefire test" time="56.427" errors="0" timestamp="2023-09-29T04:11:04 UTC">
  <testcase classname="runner.Test_dbankApplication" name="verifySignIn" time="4.977"/>
  <testcase classname="runner.Test_dbankApplication" name="verifyDeposit" time="9.562"/>
  <testcase classname="runner.Test_dbankApplication" name="verifyWithdraw" time="9.573"/>
</testsuite> <!-- Surefire test -->
