<?xml version="1.0" encoding="UTF-8"?>
<testng-results ignored="0" total="3" passed="3" failed="0" skipped="0">
  <reporter-output>
  </reporter-output>
  <suite started-at="2023-09-29T04:10:08 UTC" name="Surefire suite" finished-at="2023-09-29T04:11:04 UTC" duration-ms="56427">
    <groups>
    </groups>
    <test started-at="2023-09-29T04:10:08 UTC" name="Surefire test" finished-at="2023-09-29T04:11:04 UTC" duration-ms="56427">
      <class name="runner.Test_dbankApplication">
        <test-method is-config="true" signature="startUp()[pri:0, instance:runner.Test_dbankApplication@1c7696c6]" started-at="2023-09-29T04:10:08 UTC" name="startUp" finished-at="2023-09-29T04:10:12 UTC" duration-ms="4443" status="PASS">
          <reporter-output>
          </reporter-output>
        </test-method> <!-- startUp -->
        <test-method signature="verifySignIn()[pri:1, instance:runner.Test_dbankApplication@1c7696c6]" started-at="2023-09-29T04:10:12 UTC" name="verifySignIn" finished-at="2023-09-29T04:10:17 UTC" duration-ms="4977" status="PASS">
          <reporter-output>
          </reporter-output>
        </test-method> <!-- verifySignIn -->
        <test-method is-config="true" signature="end()[pri:0, instance:runner.Test_dbankApplication@1c7696c6]" started-at="2023-09-29T04:10:17 UTC" name="end" finished-at="2023-09-29T04:10:18 UTC" duration-ms="316" status="PASS">
          <reporter-output>
          </reporter-output>
        </test-method> <!-- end -->
        <test-method is-config="true" signature="startUp()[pri:0, instance:runner.Test_dbankApplication@1c7696c6]" started-at="2023-09-29T04:10:18 UTC" name="startUp" finished-at="2023-09-29T04:10:30 UTC" duration-ms="12667" status="PASS">
          <reporter-output>
          </reporter-output>
        </test-method> <!-- startUp -->
        <test-method signature="verifyDeposit()[pri:2, instance:runner.Test_dbankApplication@1c7696c6]" started-at="2023-09-29T04:10:30 UTC" name="verifyDeposit" finished-at="2023-09-29T04:10:40 UTC" duration-ms="9562" status="PASS">
          <reporter-output>
          </reporter-output>
        </test-method> <!-- verifyDeposit -->
        <test-method is-config="true" signature="end()[pri:0, instance:runner.Test_dbankApplication@1c7696c6]" started-at="2023-09-29T04:10:40 UTC" name="end" finished-at="2023-09-29T04:10:40 UTC" duration-ms="129" status="PASS">
          <reporter-output>
          </reporter-output>
        </test-method> <!-- end -->
        <test-method is-config="true" signature="startUp()[pri:0, instance:runner.Test_dbankApplication@1c7696c6]" started-at="2023-09-29T04:10:40 UTC" name="startUp" finished-at="2023-09-29T04:10:55 UTC" duration-ms="14588" status="PASS">
          <reporter-output>
          </reporter-output>
        </test-method> <!-- startUp -->
        <test-method signature="verifyWithdraw()[pri:3, instance:runner.Test_dbankApplication@1c7696c6]" started-at="2023-09-29T04:10:55 UTC" name="verifyWithdraw" finished-at="2023-09-29T04:11:04 UTC" duration-ms="9573" status="PASS">
          <reporter-output>
          </reporter-output>
        </test-method> <!-- verifyWithdraw -->
        <test-method is-config="true" signature="end()[pri:0, instance:runner.Test_dbankApplication@1c7696c6]" started-at="2023-09-29T04:11:04 UTC" name="end" finished-at="2023-09-29T04:11:04 UTC" duration-ms="116" status="PASS">
          <reporter-output>
          </reporter-output>
        </test-method> <!-- end -->
      </class> <!-- runner.Test_dbankApplication -->
    </test> <!-- Surefire test -->
  </suite> <!-- Surefire suite -->
</testng-results>
