<?xml version="1.0" encoding="UTF-8"?>
<testng-results ignored="0" total="3" passed="3" failed="0" skipped="0">
  <reporter-output>
  </reporter-output>
  <suite started-at="2023-09-29T04:06:42 UTC" name="Surefire suite" finished-at="2023-09-29T04:07:11 UTC" duration-ms="29764">
    <groups>
    </groups>
    <test started-at="2023-09-29T04:06:42 UTC" name="Surefire test" finished-at="2023-09-29T04:07:11 UTC" duration-ms="29764">
      <class name="runner.Test_dbankApplication">
        <test-method is-config="true" signature="startUp()[pri:0, instance:runner.Test_dbankApplication@1c7696c6]" started-at="2023-09-29T04:06:42 UTC" name="startUp" finished-at="2023-09-29T04:06:45 UTC" duration-ms="3462" status="PASS">
          <reporter-output>
          </reporter-output>
        </test-method> <!-- startUp -->
        <test-method signature="verifySignIn()[pri:1, instance:runner.Test_dbankApplication@1c7696c6]" started-at="2023-09-29T04:06:45 UTC" name="verifySignIn" finished-at="2023-09-29T04:06:50 UTC" duration-ms="5174" status="PASS">
          <reporter-output>
          </reporter-output>
        </test-method> <!-- verifySignIn -->
        <test-method is-config="true" signature="end()[pri:0, instance:runner.Test_dbankApplication@1c7696c6]" started-at="2023-09-29T04:06:50 UTC" name="end" finished-at="2023-09-29T04:06:51 UTC" duration-ms="347" status="PASS">
          <reporter-output>
          </reporter-output>
        </test-method> <!-- end -->
        <test-method is-config="true" signature="startUp()[pri:0, instance:runner.Test_dbankApplication@1c7696c6]" started-at="2023-09-29T04:06:51 UTC" name="startUp" finished-at="2023-09-29T04:06:53 UTC" duration-ms="2189" status="PASS">
          <reporter-output>
          </reporter-output>
        </test-method> <!-- startUp -->
        <test-method signature="verifyDeposit()[pri:2, instance:runner.Test_dbankApplication@1c7696c6]" started-at="2023-09-29T04:06:53 UTC" name="verifyDeposit" finished-at="2023-09-29T04:07:01 UTC" duration-ms="7945" status="PASS">
          <reporter-output>
          </reporter-output>
        </test-method> <!-- verifyDeposit -->
        <test-method is-config="true" signature="end()[pri:0, instance:runner.Test_dbankApplication@1c7696c6]" started-at="2023-09-29T04:07:01 UTC" name="end" finished-at="2023-09-29T04:07:01 UTC" duration-ms="121" status="PASS">
          <reporter-output>
          </reporter-output>
        </test-method> <!-- end -->
        <test-method is-config="true" signature="startUp()[pri:0, instance:runner.Test_dbankApplication@1c7696c6]" started-at="2023-09-29T04:07:01 UTC" name="startUp" finished-at="2023-09-29T04:07:03 UTC" duration-ms="2363" status="PASS">
          <reporter-output>
          </reporter-output>
        </test-method> <!-- startUp -->
        <test-method signature="verifyWithdraw()[pri:3, instance:runner.Test_dbankApplication@1c7696c6]" started-at="2023-09-29T04:07:03 UTC" name="verifyWithdraw" finished-at="2023-09-29T04:07:11 UTC" duration-ms="7981" status="PASS">
          <reporter-output>
          </reporter-output>
        </test-method> <!-- verifyWithdraw -->
        <test-method is-config="true" signature="end()[pri:0, instance:runner.Test_dbankApplication@1c7696c6]" started-at="2023-09-29T04:07:11 UTC" name="end" finished-at="2023-09-29T04:07:11 UTC" duration-ms="153" status="PASS">
          <reporter-output>
          </reporter-output>
        </test-method> <!-- end -->
      </class> <!-- runner.Test_dbankApplication -->
    </test> <!-- Surefire test -->
  </suite> <!-- Surefire suite -->
</testng-results>
